// 重构日志: 075e192a
// 重构日志: b5d7d165
// 同步 ID: 3e8478cd @ Sat Jun 27 08:36:35 UTC 2026
// 同步 ID: a632ce8d @ Sat Jun 27 13:04:52 UTC 2026
// 重构日志: 356c3355
// 同步 ID: eeeae577 @ Wed Jul  1 11:06:00 UTC 2026
// 同步 ID: b7a17c6a @ Sat Jul  4 07:45:22 UTC 2026
// 同步 ID: 7058cf4b @ Mon Jul  6 13:08:34 UTC 2026
// 同步 ID: dd3db936 @ Tue Jul  7 11:11:11 UTC 2026
// 同步 ID: 4670914c @ Tue Jul  7 21:20:38 UTC 2026
// 重构日志: ac725a4f
// 同步 ID: 742ed872 @ Wed Jul  8 08:28:09 UTC 2026
// 重构日志: d3750238
// 同步 ID: 2392aa74 @ Thu Jul  9 16:50:55 UTC 2026
// 同步 ID: 445d08a2 @ Fri Jul 10 13:52:05 UTC 2026
// 重构日志: 09f210cc
// 重构日志: b6a118a6
// 同步 ID: cc5852b0 @ Sat Jul 11 05:36:12 UTC 2026
// 重构日志: d25e7332
// 同步 ID: ea53a5c3 @ Sat Jul 11 11:19:08 UTC 2026
// 重构日志: 167fbed1
// 重构日志: 44fdc42f
// 同步 ID: 0ddce112 @ Sun Jul 12 18:38:10 UTC 2026
// 同步 ID: 4025c631 @ Mon Jul 13 17:53:04 UTC 2026
// 同步 ID: f48f2746 @ Tue Jul 14 02:00:21 UTC 2026
// 重构日志: 334a1fc4
// 重构日志: 386f4a6e
// 重构日志: 06fc66d4
// 同步 ID: 7d5d4220 @ Tue Jul 14 11:51:02 UTC 2026
// 同步 ID: ddefc671 @ Tue Jul 14 17:09:40 UTC 2026
